[debug] [2021-05-31T10:54:06.501Z] ----------------------------------------------------------------------
[debug] [2021-05-31T10:54:06.505Z] Command:       /usr/local/bin/node /usr/local/bin/firebase init
[debug] [2021-05-31T10:54:06.505Z] CLI Version:   9.10.0
[debug] [2021-05-31T10:54:06.505Z] Platform:      darwin
[debug] [2021-05-31T10:54:06.505Z] Node Version:  v12.16.2
[debug] [2021-05-31T10:54:06.506Z] Time:          Mon May 31 2021 11:54:06 GMT+0100 (West Africa Standard Time)
[debug] [2021-05-31T10:54:06.506Z] ----------------------------------------------------------------------
[debug] 
[debug] [2021-05-31T10:54:06.515Z] > command requires scopes: ["email","openid","https://www.googleapis.com/auth/cloudplatformprojects.readonly","https://www.googleapis.com/auth/firebase","https://www.googleapis.com/auth/cloud-platform"]
[debug] [2021-05-31T10:54:06.516Z] > authorizing via signed-in user (ernestmoi34@gmail.com)
[info] 
     ######## #### ########  ######## ########     ###     ######  ########
     ##        ##  ##     ## ##       ##     ##  ##   ##  ##       ##
     ######    ##  ########  ######   ########  #########  ######  ######
     ##        ##  ##    ##  ##       ##     ## ##     ##       ## ##
     ##       #### ##     ## ######## ########  ##     ##  ######  ########

You're about to initialize a Firebase project in this directory:

  /Users/mac/Desktop/netflix-clone

[info] 
=== Project Setup
[info] 
[info] First, let's associate this project directory with a Firebase project.
[info] You can create multiple project aliases by running firebase use --add, 
[info] but for now we'll just set up a default project.
[info] 
[debug] [2021-05-31T10:55:41.706Z] >>> [apiv2][query] GET https://firebase.googleapis.com/v1beta1/projects pageSize=100
[debug] [2021-05-31T10:55:44.489Z] <<< [apiv2][status] GET https://firebase.googleapis.com/v1beta1/projects 200
[debug] [2021-05-31T10:55:44.489Z] <<< [apiv2][body] GET https://firebase.googleapis.com/v1beta1/projects [omitted]
[info] i  Using project netflix-clone-a51fc (netflix-clone) 
[info] 
=== Hosting Setup
[info] 
[info] Your public directory is the folder (relative to your project directory) that
[info] will contain Hosting assets to be uploaded with firebase deploy. If you
[info] have a build process for your assets, use your build's output directory.
[info] 
[debug] [2021-05-31T10:59:03.465Z] >>> [apiv2][query] GET https://www.gstatic.com/firebasejs/releases.json [none]
[debug] [2021-05-31T10:59:05.171Z] <<< [apiv2][status] GET https://www.gstatic.com/firebasejs/releases.json 200
[debug] [2021-05-31T10:59:05.172Z] <<< [apiv2][body] GET https://www.gstatic.com/firebasejs/releases.json {"current":{"version":"8.6.3","browserURL":"https://www.gstatic.com/firebasejs/8.6.3/firebase.js","packageURL":"https://www.gstatic.com/firebasejs/8.6.3/firebase.tgz"},"live":{"version":"8.6","browserURL":"https://www.gstatic.com/firebasejs/live/8.6/firebase.js","packageURL":"https://www.gstatic.com/firebasejs/live/8.6/firebase.tgz"},"components":{"analytics":"https://www.gstatic.com/firebasejs/8.6.3/firebase-analytics.js","app":"https://www.gstatic.com/firebasejs/8.6.3/firebase-app.js","app-check":"https://www.gstatic.com/firebasejs/8.6.3/firebase-app-check.js","auth":"https://www.gstatic.com/firebasejs/8.6.3/firebase-auth.js","database":"https://www.gstatic.com/firebasejs/8.6.3/firebase-database.js","firestore":"https://www.gstatic.com/firebasejs/8.6.3/firebase-firestore.js","functions":"https://www.gstatic.com/firebasejs/8.6.3/firebase-functions.js","installations":"https://www.gstatic.com/firebasejs/8.6.3/firebase-installations.js","messaging":"https://www.gstatic.com/firebasejs/8.6.3/firebase-messaging.js","storage":"https://www.gstatic.com/firebasejs/8.6.3/firebase-storage.js","performance":"https://www.gstatic.com/firebasejs/8.6.3/firebase-performance.js","remote-config":"https://www.gstatic.com/firebasejs/8.6.3/firebase-remote-config.js","firestore.memory":"https://www.gstatic.com/firebasejs/8.6.3/firebase-firestore.memory.js"}}
[info] ✔  Wrote build/index.html 
[info] 
[info] i  Didn't detect a .git folder. Assuming /Users/mac/Desktop/netflix-clone is the project root. 
[info] i  Authorizing with GitHub to upload your service account to a GitHub repository's secrets store. 
[info] 
[info] Visit this URL on this device to log in:
[info] https://github.com/login/oauth/authorize?client_id=89cf50f02ac6aaed3484&state=537844902&redirect_uri=http%3A%2F%2Flocalhost%3A9005&scope=read%3Auser%20repo%20public_repo
[info] 
[info] Waiting for authentication...
[debug] [2021-05-31T10:59:44.006Z] >>> HTTP REQUEST POST https://github.com/login/oauth/access_token  
 {"client_id":"89cf50f02ac6aaed3484","client_secret":"3330d14abc895d9a74d5f17cd7a00711fa2c5bf0","code":"7fba3edee66893293e6a","redirect_uri":"http://localhost:9005","state":"537844902"}
[debug] [2021-05-31T10:59:44.839Z] <<< HTTP RESPONSE 200 {"server":"GitHub.com","date":"Mon, 31 May 2021 10:59:44 GMT","content-type":"application/json; charset=utf-8","transfer-encoding":"chunked","vary":"X-PJAX, Accept-Encoding, Accept, X-Requested-With","permissions-policy":"interest-cohort=()","etag":"W/\"1c3e9e037a6999602550a03d53d3e57d\"","cache-control":"max-age=0, private, must-revalidate","strict-transport-security":"max-age=31536000; includeSubdomains; preload","x-frame-options":"deny","x-content-type-options":"nosniff","x-xss-protection":"0","referrer-policy":"origin-when-cross-origin, strict-origin-when-cross-origin","expect-ct":"max-age=2592000, report-uri=\"https://api.github.com/_private/browser/errors\"","content-security-policy":"default-src 'none'; base-uri 'self'; block-all-mixed-content; connect-src 'self' uploads.github.com www.githubstatus.com collector.githubapp.com api.github.com github-cloud.s3.amazonaws.com github-production-repository-file-5c1aeb.s3.amazonaws.com github-production-upload-manifest-file-7fdce7.s3.amazonaws.com github-production-user-asset-6210df.s3.amazonaws.com html-translator.herokuapp.com cdn.optimizely.com logx.optimizely.com/v1/events wss://alive.github.com; font-src github.githubassets.com; form-action 'self' github.com gist.github.com; frame-ancestors 'none'; frame-src render.githubusercontent.com; img-src 'self' data: github.githubassets.com identicons.github.com collector.githubapp.com github-cloud.s3.amazonaws.com secured-user-images.githubusercontent.com/ *.githubusercontent.com; manifest-src 'self'; media-src 'none'; script-src github.githubassets.com; style-src 'unsafe-inline' github.githubassets.com; worker-src github.com/socket-worker-3f088aa2.js gist.github.com/socket-worker-3f088aa2.js","x-github-request-id":"375D:FA43:3539E68:3765FA8:60B4C1A0"}
[debug] [2021-05-31T10:59:44.845Z] >>> [apiv2][query] GET https://api.github.com/user [none]
[debug] [2021-05-31T10:59:45.710Z] <<< [apiv2][status] GET https://api.github.com/user 200
[debug] [2021-05-31T10:59:45.710Z] <<< [apiv2][body] GET https://api.github.com/user {"login":"ernestmoi","id":39300698,"node_id":"MDQ6VXNlcjM5MzAwNjk4","avatar_url":"https://avatars.githubusercontent.com/u/39300698?v=4","gravatar_id":"","url":"https://api.github.com/users/ernestmoi","html_url":"https://github.com/ernestmoi","followers_url":"https://api.github.com/users/ernestmoi/followers","following_url":"https://api.github.com/users/ernestmoi/following{/other_user}","gists_url":"https://api.github.com/users/ernestmoi/gists{/gist_id}","starred_url":"https://api.github.com/users/ernestmoi/starred{/owner}{/repo}","subscriptions_url":"https://api.github.com/users/ernestmoi/subscriptions","organizations_url":"https://api.github.com/users/ernestmoi/orgs","repos_url":"https://api.github.com/users/ernestmoi/repos","events_url":"https://api.github.com/users/ernestmoi/events{/privacy}","received_events_url":"https://api.github.com/users/ernestmoi/received_events","type":"User","site_admin":false,"name":"Omakoji Danlami Enejoh","company":null,"blog":"https://omakoji.netlify.app","location":"Lagos, Nigeria","email":null,"hireable":true,"bio":"Software Developer | HTML5 | CSS3 | JS | Bootstrap | React Bootstrap | React | Vue | Vue Bootstrap | Nuxt.js | Express.js | NodeJs | MongoDB ","twitter_username":"omacodeg","public_repos":39,"public_gists":0,"followers":1,"following":5,"created_at":"2018-05-15T10:51:42Z","updated_at":"2021-05-31T10:59:43Z","private_gists":1,"total_private_repos":2,"owned_private_repos":2,"disk_usage":25831,"collaborators":0,"two_factor_authentication":false,"plan":{"name":"free","space":976562499,"collaborators":0,"private_repos":10000}}
[info] 
[info] ✔  Success! Logged into GitHub as ernestmoi 
[info] 
